<?xml version="1.0" encoding="UTF-8"?>
<testsuite xmlns:xsi="http://www.w3.org/2001/XMLSchema-instance" xsi:noNamespaceSchemaLocation="https://maven.apache.org/surefire/maven-surefire-plugin/xsd/surefire-test-report.xsd" name="org.example.JwtTest" time="0.212" tests="2" errors="1" skipped="0" failures="0">
  <properties>
[...]
</properties>
  <testcase name="testGen" classname="org.example.JwtTest" time="0.169"/>
  <testcase name="testParse" classname="org.example.JwtTest" time="0.037">
    <error message="The Token has expired on 2023-11-16T13:46:15Z." type="com.auth0.jwt.exceptions.TokenExpiredException">com.auth0.jwt.exceptions.TokenExpiredException: The Token has expired on 2023-11-16T13:46:15Z.
	at org.example.JwtTest.testParse(JwtTest.java:37)
</error>
  </testcase>
</testsuite>